\BOOKMARK [0][]{chapter.1}{\376\377\173\054\000\040\0001\000\040\172\340\000\040\136\246\221\317\172\172\225\364}{}% 1
\BOOKMARK [1][]{section.1.1}{\376\377\0001\000.\0001\000\040\136\246\221\317\172\172\225\364}{chapter.1}% 2
\BOOKMARK [2][]{subsection.1.1.1}{\376\377\0001\000.\0001\000.\0001\000\040\136\246\221\317\172\172\225\364}{section.1.1}% 3
\BOOKMARK [2][]{subsection.1.1.2}{\376\377\0001\000.\0001\000.\0002\000\040\215\113\203\003\176\277\140\047\172\172\225\364}{section.1.1}% 4
\BOOKMARK [2][]{subsection.1.1.3}{\376\377\0001\000.\0001\000.\0003\000\040\121\205\171\357\172\172\225\364\124\214\000H\000i\000l\000b\000e\000r\000t\153\143\116\244\174\373}{section.1.1}% 5
\BOOKMARK [1][]{section.1.2}{\376\377\0001\000.\0002\000\040\136\246\221\317\172\172\225\364\116\055\166\204\142\323\142\121\140\047\215\050}{chapter.1}% 6
\BOOKMARK [2][]{subsection.1.2.1}{\376\377\0001\000.\0002\000.\0001\000\040\127\372\170\100\151\202\137\365}{section.1.2}% 7
\BOOKMARK [2][]{subsection.1.2.2}{\376\377\0001\000.\0002\000.\0002\000\040\172\040\133\306\140\047\124\214\123\357\122\006\140\047}{section.1.2}% 8
\BOOKMARK [2][]{subsection.1.2.3}{\376\377\0001\000.\0002\000.\0003\000\040\133\214\131\007\140\047}{section.1.2}% 9
\BOOKMARK [2][]{subsection.1.2.4}{\376\377\0001\000.\0002\000.\0004\000\040\122\027\175\047\140\047\124\214\175\047\136\246\221\317\172\172\225\364}{section.1.2}% 10
\BOOKMARK [0][]{chapter.2}{\376\377\173\054\000\040\0002\000\040\172\340\000\040\176\277\140\047\154\333\121\375}{}% 11
\BOOKMARK [1][]{section.2.1}{\376\377\0002\000.\0001\000\040\215\113\203\003\176\277\140\047\172\172\225\364\116\012\166\204\176\277\140\047\173\227\133\120}{chapter.2}% 12
\BOOKMARK [2][]{subsection.2.1.1}{\376\377\0002\000.\0001\000.\0001\000\040\176\277\140\047\173\227\133\120}{section.2.1}% 13
\BOOKMARK [2][]{subsection.2.1.2}{\376\377\0002\000.\0001\000.\0002\000\040\176\277\140\047\173\227\133\120\166\204\147\011\165\114\140\047\060\001\217\336\176\355\140\047}{section.2.1}% 14
\BOOKMARK [1][]{section.2.2}{\376\377\0002\000.\0002\000\040\147\011\165\114\176\277\140\047\154\333\121\375}{chapter.2}% 15
\BOOKMARK [2][]{subsection.2.2.1}{\376\377\0002\000.\0002\000.\0001\000\040\176\277\140\047\154\333\121\375\124\214\150\070}{section.2.2}% 16
\BOOKMARK [2][]{subsection.2.2.2}{\376\377\0002\000.\0002\000.\0002\000\040\162\171\133\232\172\172\225\364\116\012\166\204\217\336\176\355\176\277\140\047\154\333\121\375\166\204\210\150\171\072\137\142\137\017\124\214\172\172\225\364\166\204\124\014\147\204}{section.2.2}% 17
\BOOKMARK [2][]{subsection.2.2.3}{\376\377\0002\000.\0002\000.\0003\000\040\147\011\226\120\176\364\166\204\117\213\133\120}{section.2.2}% 18
\BOOKMARK [1][]{section.2.3}{\376\377\0002\000.\0003\000\040\000H\000a\000h\000n\000-\000B\000a\000n\000a\000c\000h\136\366\142\323\133\232\164\006}{chapter.2}% 19
\BOOKMARK [1][]{section.2.4}{\376\377\0002\000.\0004\000\040\116\214\153\041\133\371\120\166\172\172\225\364\124\214\201\352\123\315}{chapter.2}% 20
\BOOKMARK [1][]{section.2.5}{\376\377\0002\000.\0005\000\040\137\061\142\323\142\121\124\214\137\061\000*\142\323\142\121}{chapter.2}% 21
\BOOKMARK [0][]{chapter.3}{\376\377\173\054\000\040\0003\000\040\172\340\000\040\147\011\165\114\173\227\133\120\166\204\127\372\147\054\133\232\164\006}{}% 22
\BOOKMARK [1][]{section.3.1}{\376\377\0003\000.\0001\000\040\000B\000a\000i\000r\000e\176\262\133\232\164\006}{chapter.3}% 23
\BOOKMARK [1][]{section.3.2}{\376\377\0003\000.\0002\000\040\137\000\146\040\134\004\133\232\164\006\377\014\220\006\173\227\133\120\133\232\164\006\377\014\225\355\126\376\120\317\133\232\164\006\377\014\121\161\236\043\133\232\164\006}{chapter.3}% 24
\BOOKMARK [2][]{subsection.3.2.1}{\376\377\0003\000.\0002\000.\0001\000\040\137\000\146\040\134\004\133\232\164\006\060\001\220\006\173\227\133\120\133\232\164\006}{section.3.2}% 25
\BOOKMARK [2][]{subsection.3.2.2}{\376\377\0003\000.\0002\000.\0002\000\040\225\355\126\376\120\317\133\232\164\006}{section.3.2}% 26
\BOOKMARK [2][]{subsection.3.2.3}{\376\377\0003\000.\0002\000.\0003\000\040\121\161\236\043\133\232\164\006}{section.3.2}% 27
\BOOKMARK [0][]{chapter.4}{\376\377\173\054\000\040\0004\000\040\172\340\000\040\136\070\165\050\166\204\136\246\221\317\172\172\225\364\173\046\123\367\123\312\203\003\145\160}{}% 28
