\BOOKMARK [0][]{chapter.1}{\376\377\173\054\000\040\0001\000\040\172\340\000\040\155\113\136\246\124\214\171\357\122\006}{}% 1
\BOOKMARK [1][]{section.1.1}{\376\377\0001\000.\0001\000\040\000-\116\343\145\160}{chapter.1}% 2
\BOOKMARK [1][]{section.1.2}{\376\377\0001\000.\0002\000\040\155\113\136\246}{chapter.1}% 3
\BOOKMARK [1][]{section.1.3}{\376\377\0001\000.\0003\000\040\131\026\155\113\136\246}{chapter.1}% 4
\BOOKMARK [1][]{section.1.4}{\376\377\0001\000.\0004\000\040\123\357\155\113\121\375\145\160}{chapter.1}% 5
\BOOKMARK [1][]{section.1.5}{\376\377\0001\000.\0005\000\040\121\375\145\160\171\357\122\006\124\214\145\066\145\133\133\232\164\006}{chapter.1}% 6
\BOOKMARK [1][]{section.1.6}{\376\377\0001\000.\0006\000\040\116\130\171\357\155\113\136\246\116\016\000F\000u\000b\000i\000n\000i\000-\000T\000o\000n\000e\000l\000l\000i\133\232\164\006}{chapter.1}% 7
\BOOKMARK [0][]{chapter.2}{\376\377\173\054\000\040\0002\000\040\172\340\000\040\173\046\123\367\155\113\136\246\124\214\137\256\122\006}{}% 8
\BOOKMARK [0][]{chapter.3}{\376\377\173\054\000\040\0003\000\040\172\340\000\040\136\246\221\317\172\172\225\364}{}% 9
\BOOKMARK [1][]{section.3.1}{\376\377\0003\000.\0001\000\040\136\246\221\317\172\172\225\364}{chapter.3}% 10
\BOOKMARK [2][]{subsection.3.1.1}{\376\377\0003\000.\0001\000.\0001\000\040\136\246\221\317\172\172\225\364}{section.3.1}% 11
\BOOKMARK [2][]{subsection.3.1.2}{\376\377\0003\000.\0001\000.\0002\000\040\215\113\203\003\176\277\140\047\172\172\225\364}{section.3.1}% 12
\BOOKMARK [2][]{subsection.3.1.3}{\376\377\0003\000.\0001\000.\0003\000\040\121\205\171\357\172\172\225\364\124\214\000H\000i\000l\000b\000e\000r\000t\153\143\116\244\174\373}{section.3.1}% 13
\BOOKMARK [1][]{section.3.2}{\376\377\0003\000.\0002\000\040\136\246\221\317\172\172\225\364\116\055\166\204\142\323\142\121\140\047\215\050}{chapter.3}% 14
\BOOKMARK [2][]{subsection.3.2.1}{\376\377\0003\000.\0002\000.\0001\000\040\127\372\170\100\151\202\137\365}{section.3.2}% 15
\BOOKMARK [2][]{subsection.3.2.2}{\376\377\0003\000.\0002\000.\0002\000\040\172\040\133\306\140\047\124\214\123\357\122\006\140\047}{section.3.2}% 16
\BOOKMARK [2][]{subsection.3.2.3}{\376\377\0003\000.\0002\000.\0003\000\040\133\214\131\007\140\047}{section.3.2}% 17
\BOOKMARK [2][]{subsection.3.2.4}{\376\377\0003\000.\0002\000.\0004\000\040\122\027\175\047\140\047\124\214\175\047\136\246\221\317\172\172\225\364}{section.3.2}% 18
\BOOKMARK [0][]{chapter.4}{\376\377\173\054\000\040\0004\000\040\172\340\000\040\176\277\140\047\154\333\121\375}{}% 19
\BOOKMARK [1][]{section.4.1}{\376\377\0004\000.\0001\000\040\215\113\203\003\176\277\140\047\172\172\225\364\116\012\166\204\176\277\140\047\173\227\133\120}{chapter.4}% 20
\BOOKMARK [2][]{subsection.4.1.1}{\376\377\0004\000.\0001\000.\0001\000\040\176\277\140\047\173\227\133\120}{section.4.1}% 21
\BOOKMARK [2][]{subsection.4.1.2}{\376\377\0004\000.\0001\000.\0002\000\040\176\277\140\047\173\227\133\120\166\204\147\011\165\114\140\047\060\001\217\336\176\355\140\047}{section.4.1}% 22
\BOOKMARK [1][]{section.4.2}{\376\377\0004\000.\0002\000\040\147\011\165\114\176\277\140\047\154\333\121\375}{chapter.4}% 23
\BOOKMARK [2][]{subsection.4.2.1}{\376\377\0004\000.\0002\000.\0001\000\040\176\277\140\047\154\333\121\375\124\214\150\070}{section.4.2}% 24
\BOOKMARK [2][]{subsection.4.2.2}{\376\377\0004\000.\0002\000.\0002\000\040\162\171\133\232\172\172\225\364\116\012\166\204\217\336\176\355\176\277\140\047\154\333\121\375\166\204\210\150\171\072\137\142\137\017\124\214\172\172\225\364\166\204\124\014\147\204}{section.4.2}% 25
\BOOKMARK [2][]{subsection.4.2.3}{\376\377\0004\000.\0002\000.\0003\000\040\147\011\226\120\176\364\166\204\117\213\133\120}{section.4.2}% 26
\BOOKMARK [1][]{section.4.3}{\376\377\0004\000.\0003\000\040\000H\000a\000h\000n\000-\000B\000a\000n\000a\000c\000h\136\366\142\323\133\232\164\006}{chapter.4}% 27
\BOOKMARK [1][]{section.4.4}{\376\377\0004\000.\0004\000\040\116\214\153\041\133\371\120\166\172\172\225\364\124\214\201\352\123\315}{chapter.4}% 28
\BOOKMARK [1][]{section.4.5}{\376\377\0004\000.\0005\000\040\137\061\142\323\142\121\124\214\137\061\000*\142\323\142\121}{chapter.4}% 29
\BOOKMARK [0][]{chapter.5}{\376\377\173\054\000\040\0005\000\040\172\340\000\040\147\011\165\114\173\227\133\120\166\204\127\372\147\054\133\232\164\006}{}% 30
\BOOKMARK [1][]{section.5.1}{\376\377\0005\000.\0001\000\040\000B\000a\000i\000r\000e\176\262\133\232\164\006}{chapter.5}% 31
\BOOKMARK [1][]{section.5.2}{\376\377\0005\000.\0002\000\040\137\000\146\040\134\004\133\232\164\006\377\014\220\006\173\227\133\120\133\232\164\006\377\014\225\355\126\376\120\317\133\232\164\006\377\014\121\161\236\043\133\232\164\006}{chapter.5}% 32
\BOOKMARK [2][]{subsection.5.2.1}{\376\377\0005\000.\0002\000.\0001\000\040\137\000\146\040\134\004\133\232\164\006\060\001\220\006\173\227\133\120\133\232\164\006}{section.5.2}% 33
\BOOKMARK [2][]{subsection.5.2.2}{\376\377\0005\000.\0002\000.\0002\000\040\225\355\126\376\120\317\133\232\164\006}{section.5.2}% 34
\BOOKMARK [2][]{subsection.5.2.3}{\376\377\0005\000.\0002\000.\0003\000\040\121\161\236\043\133\232\164\006}{section.5.2}% 35
\BOOKMARK [0][]{chapter.6}{\376\377\173\054\000\040\0006\000\040\172\340\000\040\151\202\163\207\121\154\164\006\174\373\176\337}{}% 36
\BOOKMARK [1][]{section.6.1}{\376\377\0006\000.\0001\000\040\151\202\163\207\172\172\225\364}{chapter.6}% 37
\BOOKMARK [1][]{section.6.2}{\376\377\0006\000.\0002\000\040\226\217\147\072\123\330\221\317\060\001\122\006\136\003\121\375\145\160\060\001\226\217\147\072\123\330\221\317\166\204\145\160\133\127\162\171\137\201}{chapter.6}% 38
\BOOKMARK [2][]{subsection.6.2.1}{\376\377\0006\000.\0002\000.\0001\000\040\226\217\147\072\123\330\221\317}{section.6.2}% 39
\BOOKMARK [2][]{subsection.6.2.2}{\376\377\0006\000.\0002\000.\0002\000\040\122\006\136\003\121\375\145\160}{section.6.2}% 40
\BOOKMARK [2][]{subsection.6.2.3}{\376\377\0006\000.\0002\000.\0003\000\040\226\217\147\072\124\021\221\317}{section.6.2}% 41
\BOOKMARK [2][]{subsection.6.2.4}{\376\377\0006\000.\0002\000.\0004\000\040\226\217\147\072\123\330\221\317\166\204\145\160\133\127\162\171\137\201}{section.6.2}% 42
\BOOKMARK [2][]{subsection.6.2.5}{\376\377\0006\000.\0002\000.\0005\000\040\162\354\172\313\140\047}{section.6.2}% 43
\BOOKMARK [1][]{section.6.3}{\376\377\0006\000.\0003\000\040\226\217\147\072\123\330\221\317\166\204\145\066\145\133\140\047}{chapter.6}% 44
\BOOKMARK [0][]{chapter.7}{\376\377\173\054\000\040\0007\000\040\172\340\000\040\147\141\116\366\147\037\147\033}{}% 45
\BOOKMARK [1][]{section.7.1}{\376\377\0007\000.\0001\000\040\000L\0002\000\050\000,\000F\000,\000P\000\051\172\172\225\364}{chapter.7}% 46
\BOOKMARK [1][]{section.7.2}{\376\377\0007\000.\0002\000\040\147\141\116\366\147\037\147\033\166\204\137\142\137\017}{chapter.7}% 47
\BOOKMARK [1][]{section.7.3}{\376\377\0007\000.\0003\000\040\143\250\136\177\147\141\116\366\116\013\166\204\147\141\116\366\147\037\147\033}{chapter.7}% 48
\BOOKMARK [1][]{section.7.4}{\376\377\0007\000.\0004\000\040\147\141\116\366\147\037\147\033\166\204\140\047\215\050}{chapter.7}% 49
\BOOKMARK [0][]{chapter.8}{\376\377\173\054\000\040\0008\000\040\172\340\000\040\226\217\147\072\217\307\172\013}{}% 50
\BOOKMARK [1][]{section.8.1}{\376\377\0008\000.\0001\000\040\226\217\147\072\217\307\172\013\166\204\127\372\147\054\151\202\137\365}{chapter.8}% 51
\BOOKMARK [2][]{subsection.8.1.1}{\376\377\0008\000.\0001\000.\0001\000\040\127\372\147\054\151\202\137\365}{section.8.1}% 52
\BOOKMARK [2][]{subsection.8.1.2}{\376\377\0008\000.\0001\000.\0002\000\040\127\372\147\054\174\173\127\213}{section.8.1}% 53
\BOOKMARK [1][]{section.8.2}{\376\377\0008\000.\0002\000\040\213\241\145\160\217\307\172\013\124\214\154\312\147\176\217\307\172\013}{chapter.8}% 54
\BOOKMARK [2][]{subsection.8.2.1}{\376\377\0008\000.\0002\000.\0001\000\040\154\312\147\176\217\307\172\013}{section.8.2}% 55
\BOOKMARK [2][]{subsection.8.2.2}{\376\377\0008\000.\0002\000.\0002\000\040\154\312\147\176\217\307\172\013\210\115\165\037\122\006\136\003}{section.8.2}% 56
\BOOKMARK [2][]{subsection.8.2.3}{\376\377\0008\000.\0002\000.\0003\000\040\154\312\147\176\217\307\172\013\166\204\143\250\136\177\217\307\172\013}{section.8.2}% 57
\BOOKMARK [1][]{section.8.3}{\376\377\0008\000.\0003\000\040\232\154\134\024\123\357\131\053\217\307\172\013}{chapter.8}% 58
\BOOKMARK [0][]{chapter.9}{\376\377\173\054\000\040\0009\000\040\172\340\000\040\227\205}{}% 59
\BOOKMARK [0][]{chapter.10}{\376\377\173\054\000\040\0001\0000\000\040\172\340\000\040\136\003\147\027\217\320\122\250}{}% 60
\BOOKMARK [0][]{chapter.11}{\376\377\173\054\000\040\0001\0001\000\040\172\340\000\040\000I\000T\000O\121\154\137\017\124\214\226\217\147\072\137\256\171\357\122\006}{}% 61
